<?xml version="1.0" encoding="UTF-8"?>
<!-- Generated by org.testng.reporters.JUnitXMLReporter -->
<testsuite ignored="0" hostname="WS-16454" failures="0" tests="3" name="Submit Order Test" time="37.869" errors="0" timestamp="2024-03-03T16:29:18 IST">
  <testcase classname="AutomationTest.tests.standaloneSubmitTest" name="submitOrder" time="14.526"/>
  <testcase classname="AutomationTest.tests.standaloneSubmitTest" name="submitOrder" time="14.332"/>
  <testcase classname="AutomationTest.tests.standaloneSubmitTest" name="orderHistoryTest" time="0.505"/>
</testsuite> <!-- Submit Order Test -->
